
varname -- postprob -- pmean -- std -- stdR -- unc_pmean -- unc_std -- unc_stdR
GDP         1.0000    1.0273    0.0963    0.1050    1.0273    0.0963    0.1050
ISH         0.5601    0.1154    0.0211    0.0320    0.0646    0.0594    0.0621
SED         0.4970    0.0186    0.0387    0.0375    0.0093    0.0288    0.0281
PGRW        0.5167   -0.0694    0.0286    0.0423   -0.0358    0.0403    0.0461
POP         0.5222    0.1428    0.0485    0.0610    0.0746    0.0795    0.0839

 1.- FURTHER INFORMATION 
Prior Mean Model Size=
       2.0000000 
Prior Inclusion Probability=
      0.50000000 
Posterior Mean Model Size=
       3.0959393 
minutes=
       2.0851451 
hours=
     0.034752418 
number of loops=
       16.000000 
minutes per loop=
      0.13032157 
----------------------------------------------------------------------


 2.- ALL BETAS (each row is a different model)

       1.0750882        0.0000000        0.0000000        0.0000000        0.0000000 
      0.99535075        0.0000000        0.0000000        0.0000000       0.15374361 
       1.1175837        0.0000000        0.0000000     -0.089581131        0.0000000 
       1.0870908        0.0000000        0.0000000     -0.069171618       0.13638354 
       1.0738386        0.0000000      0.026090092        0.0000000        0.0000000 
      0.97577447        0.0000000      0.033831998        0.0000000       0.16439818 
       1.1131852        0.0000000    -0.0031037594     -0.082795145        0.0000000 
       1.0750583        0.0000000     0.0036467104     -0.064243803       0.14220519 
       1.0409228       0.12674288        0.0000000        0.0000000        0.0000000 
      0.95110882       0.10716940        0.0000000        0.0000000       0.13891763 
       1.0355448       0.12334635        0.0000000     -0.073868868        0.0000000 
      0.99597711       0.10830856        0.0000000     -0.059118431       0.12946297 
       1.0318149       0.12408454      0.029164501        0.0000000        0.0000000 
      0.92868988       0.10709143      0.038009846        0.0000000       0.14889153 
       1.0315375       0.12099649     0.0058196268     -0.069505893        0.0000000 
      0.98162155       0.10755401      0.014191692     -0.054774703       0.13546150 

----------------------------------------------------------------------

 3.- ALL STD. ERRORS (each row is a different model)

     0.088631159        0.0000000        0.0000000        0.0000000        0.0000000 
     0.093597669        0.0000000        0.0000000        0.0000000      0.049228638 
     0.037528695        0.0000000        0.0000000      0.026292712        0.0000000 
      0.10674206        0.0000000        0.0000000      0.028190049      0.050923741 
     0.087169670        0.0000000      0.036986225        0.0000000        0.0000000 
     0.093041837        0.0000000      0.036353897        0.0000000      0.049201732 
     0.039496650        0.0000000      0.035084855      0.026491043        0.0000000 
      0.11215493        0.0000000      0.035344152      0.028786944      0.051675530 
     0.077680186      0.019701554        0.0000000        0.0000000        0.0000000 
     0.074514058      0.019558615        0.0000000        0.0000000      0.044066458 
     0.039307026      0.019396945        0.0000000      0.025111787        0.0000000 
     0.085792417      0.019352482        0.0000000      0.026186053      0.045441657 
     0.078463832      0.019518908      0.035632005        0.0000000        0.0000000 
     0.076225927      0.019381459      0.035543053        0.0000000      0.044273634 
     0.041057174      0.019497819      0.036257650      0.025284341        0.0000000 
     0.089408659      0.019324881      0.036399388      0.026571245      0.046010393 

----------------------------------------------------------------------

 4.- ALL ROBUST STD. ERRORS (each row is a different model)

     0.073838917        0.0000000        0.0000000        0.0000000        0.0000000 
     0.070742732        0.0000000        0.0000000        0.0000000      0.064628091 
     0.046311001        0.0000000        0.0000000      0.035928153        0.0000000 
      0.10242087        0.0000000        0.0000000      0.042337974      0.060170838 
     0.087958330        0.0000000      0.031445659        0.0000000        0.0000000 
     0.071759683        0.0000000      0.032734367        0.0000000      0.063228244 
     0.050991209        0.0000000      0.036054913      0.035421555        0.0000000 
      0.10759467        0.0000000      0.036009137      0.042366454      0.058958179 
      0.11586050      0.035026174        0.0000000        0.0000000        0.0000000 
     0.084632203      0.027997871        0.0000000        0.0000000      0.060295473 
     0.052058674      0.033771605        0.0000000      0.040113684        0.0000000 
      0.11276188      0.027849493        0.0000000      0.043814531      0.057200664 
      0.12206899      0.033290569      0.031465220        0.0000000        0.0000000 
     0.086062469      0.028615889      0.031799609        0.0000000      0.059983968 
     0.053811423      0.032579127      0.037533306      0.040168608        0.0000000 
      0.11865714      0.027874930      0.038804342      0.044223424      0.057438325 

----------------------------------------------------------------------

 5.- MODELS INFO 
 model -- postprob -- priorprob -- bics

       1.0000000      0.049043442      0.062500000    5.2972726e+08 
       2.0000000      0.056292631      0.062500000    6.0802709e+08 
       3.0000000      0.054609771      0.062500000    5.8985021e+08 
       4.0000000      0.060542473      0.062500000    6.5393041e+08 
       5.0000000      0.050131085      0.062500000    5.4147510e+08 
       6.0000000      0.056273508      0.062500000    6.0782054e+08 
       7.0000000      0.053933921      0.062500000    5.8255023e+08 
       8.0000000      0.059115292      0.062500000    6.3851517e+08 
       9.0000000      0.065102775      0.062500000    7.0318708e+08 
       10.000000      0.071134579      0.062500000    7.6833771e+08 
       11.000000      0.070892452      0.062500000    7.6572245e+08 
       12.000000      0.075396779      0.062500000    8.1437452e+08 
       13.000000      0.065028486      0.062500000    7.0238467e+08 
       14.000000      0.070276248      0.062500000    7.5906672e+08 
       15.000000      0.069079039      0.062500000    7.4613544e+08 
       16.000000      0.073147520      0.062500000    7.9007986e+08 

----------------------------------------------------------------------

 6.- MEAN PHI_1 
      -38444291.       -13122025.        7201601.2        3705123.3       -51877216. 

----------------------------------------------------------------------

 7.- MEAN ERR VARS 
       11943864. 

----------------------------------------------------------------------

 8.- MEAN DEP VARS 
   1.1897860e+08    1.0137219e+08        31547860.    1.0093894e+08 

----------------------------------------------------------------------

 9.- MEAN PHIS 
       612532.88        875861.34       -5807477.3        127577.47        5164402.9       -1560368.3       -7759932.3        58975.685        4015946.7        4336979.6       -3077917.0       -84425.509 

----------------------------------------------------------------------

 10.- MEAN PSIS 
      -301539.27        63435.049        410041.03       -34582.245        554722.35        415182.15        356834.77       -34379.268        1027301.1        153512.46       -349740.92       -19091.569        902197.34        377410.59       -202462.73        18723.837        1204413.7        391093.98       -830093.53        25944.797        1078183.4       -338028.51       -99877.335       -11083.685 

----------------------------------------------------------------------

 11.- ALL PHI_1S 

      -2201314.3        0.0000000        0.0000000        0.0000000        0.0000000 
      -936306.44        0.0000000        0.0000000        0.0000000       -5238500.9 
      -6556452.5        0.0000000        0.0000000        715161.93       -5238500.9 
      -10746084.        0.0000000        0.0000000        969144.38       -10795971. 
      -14366179.        0.0000000        1419557.6        969144.38       -10795971. 
      -13884178.        0.0000000        2395294.3        969144.38       -17123056. 
      -19825055.        0.0000000        3864792.9        1691323.0       -17123056. 
      -23996204.        0.0000000        4894391.2        1918672.9       -23066278. 
      -26724048.       -1717308.4        4894391.2        1918672.9       -23066278. 
      -24702996.       -2647827.8        4894391.2        1918672.9       -29647625. 
      -28890071.       -4808463.6        4894391.2        2658473.7       -29647625. 
      -30593103.       -6451355.0        4894391.2        2841830.0       -36767273. 
      -34137810.       -8317624.0        5644862.0        2841830.0       -36767273. 
      -32463017.       -9414743.1        5870797.4        2841830.0       -44376641. 
      -36892948.       -11513170.        6798781.7        3576187.6       -44376641. 
      -38444291.       -13122025.        7201601.2        3705123.3       -51877216. 

----------------------------------------------------------------------

 12.- ALL ERR VARS 

       2529616.0 
       5927363.3 
       5927344.8 
       5101536.7 
       7273811.8 
       10578671. 
       10578651. 
       11648722. 
       13546922. 
       10209768. 
       10209767. 
       8708572.0 
       10327307. 
       13654256. 
       13654253. 
       11943864. 

----------------------------------------------------------------------

 13.- ALL DEP VARS 

       6461966.1        5517773.2        6385846.1        5067097.1 
       13493625.        11647509.        13004811.        10421506. 
       20748203.        18362187.        19965491.        16479892. 
       28623594.        25783877.        27108209.        22814242. 
       35339903.        31513718.        20716528.        28021053. 
       42433696.        37604350.        14239615.        33357998. 
       49608155.        44237770.        21006485.        39275484. 
       57279875.        51432517.        14117870.        45389880. 
       64503946.        59079788.        22590688.        52146924. 
       71961689.        66994373.        14180430.        58853549. 
       79962953.        75558383.        22785385.        66170689. 
       88225853.        84536223.        31400071.        73537620. 
       95622302.        92142089.        23131707.        80252111. 
   1.0309151e+08        84441871.        14974970.        86795512. 
   1.1095381e+08        92758608.        23265855.        93877494. 
   1.1897860e+08    1.0137219e+08        31547860.    1.0093894e+08 

----------------------------------------------------------------------

 14.- ALL PHIS 

       239032.33        32981.484       -303359.41        8953.3266        729903.89       -59873.728       -431921.96        7976.4696        774156.08        297051.82       -453165.19        122.51165 
       509307.94        81712.539       -673549.74        13356.090        1649558.5       -81560.763       -1001781.7        3343.7685        1826965.5        697650.09       -1009191.0       -26263.478 
       835928.02        84164.635       -792942.40        23545.492        2465933.6       -214857.68       -1039897.5        14776.482        2446635.4        937325.02       -610008.06       -14147.711 
       1164257.4        101655.59       -1004980.6        30462.954        3337847.5       -324662.72       -1226931.2        14503.297        3203797.8        1239297.8       -398221.21       -27940.447 
       1416320.2        103883.58       -1288956.7        40486.523        4042077.4       -464346.85       -1654624.7        24699.790        3955086.5        1417378.3       -848545.54       -24495.974 
       1704000.8        111974.34       -1630647.9        45464.135        4952765.2       -583627.31       -2226602.3        21807.091        5018674.9        1672353.2       -1416457.0       -48339.546 
       2014766.4        121633.23       -1770893.7        55419.823        5749402.5       -699794.02       -2300278.2        32737.735        5639152.9        1927593.3       -1086507.1       -37358.209 
       2332660.9        136742.70       -1990293.6        62000.379        6606419.3       -811921.71       -2517717.9        32086.663        6407455.0        2215134.1       -937422.42       -52048.765 
       2043863.7        249400.35       -2514627.1        72388.320        6192241.2       -848981.22       -3251677.1        41879.682        5876138.5        2497628.4       -1509288.4       -43648.991 
       1875926.3        372482.07       -3105451.7        76914.689        6179198.3       -851582.00       -4145387.2        34560.947        5894227.2        2914584.1       -2205499.0       -72122.179 
       1585797.9        478593.94       -3489847.1        87811.010        5885810.0       -942941.19       -4563264.5        46751.071        5332584.2        3178458.9       -1987964.0       -53624.689 
       1405748.4        587505.65       -3953262.3        93406.305        5816845.7       -1009592.0       -5127875.6        41745.209        5098683.3        3526716.1       -1950486.7       -72436.647 
       1157998.9        648533.88       -4440506.1        105102.52        5438887.2       -1165787.4       -5854674.4        54579.869        4614571.0        3645880.0       -2517267.7       -60120.834 
       1027480.3        706030.95       -4982870.7        110707.22        5459725.8       -1320720.3       -6742898.2        50358.399        4689175.2        3848668.9       -3220182.2       -84552.935 
       766606.26        796761.15       -5361384.0        121703.05        5201369.7       -1435420.1       -7175162.8        62892.547        4185303.1        4075152.7       -3054002.8       -66356.202 
       612532.88        875861.34       -5807477.3        127577.47        5164402.9       -1560368.3       -7759932.3        58975.685        4015946.7        4336979.6       -3077917.0       -84425.509 

----------------------------------------------------------------------

 15.- ALL PSIS 

      -609973.39        86652.156        248406.91       -31407.767       -188563.77        327191.00        176394.46       -36022.387        66184.900        104130.36        43376.017       -26612.913        16878.765        211544.24       -111704.25        12856.287        7505.3783        174930.58       -199164.47        20294.723        440976.79       -289307.72        535533.20       -7599.6481 
      -708311.64        82500.058        344122.32       -30827.443       -373079.00        328795.23        328926.92       -27950.880       -182619.35        28621.463        126440.19       -3197.7178       -52244.978        243769.65       -51901.899        19730.035       -134472.34        181521.97       -205391.60        40993.027        428309.68       -296169.12        544078.36       -7486.4968 
      -753967.94        127635.51        40316.381       -33261.841       -267487.57        400865.55       -211005.05       -40983.420        232575.05        172297.95       -740091.80       -39879.896       -73971.486        254079.96       -433184.39        10599.025        110352.31        187549.30       -1097378.0        6808.2268        609693.94       -354182.23       -326174.85       -10283.738 
      -824892.09        122199.58        154926.16       -33401.260       -361917.12        410361.99       -59559.123       -33721.212        83151.831        122592.80       -602730.78       -18113.613       -88640.591        290601.05       -374437.19        17784.442        25799.977        213583.60       -1017562.3        27487.328        585269.80       -354366.99       -138466.76       -9770.8893 
      -634392.17        119407.71        233217.64       -32904.091       -167515.34        405153.40        177631.08       -38950.666        91702.589        215500.70        48334.485       -30615.519        27822.399        263883.60       -102571.83        12634.415        237.23983        268867.06       -190844.61        19361.129        437443.03       -238301.10        548147.12       -8579.5203 
      -732394.34        128016.92        314740.62       -31505.438       -367199.72        430041.37        333368.61       -30063.943       -193777.24        176789.90        143654.88       -6272.1478       -42029.390        304108.84       -30637.721        19087.997       -153326.77        296442.04       -177206.92        39712.676        403587.33       -224791.80        561674.91       -8506.8102 
      -737321.86        118406.53        66878.434       -33006.408       -268995.27        382246.98       -168218.74       -40470.470        208763.00        147076.60       -672346.32       -38724.533       -75515.785        245783.54       -405535.43        10653.736        92512.064        176077.39       -1031156.7        7535.9999        587017.33       -346903.31       -260460.59       -9959.3857 
      -804433.20        121475.15        168820.72       -32580.716       -364422.09        407110.23       -19036.297       -32633.350        47312.054        124765.86       -533381.34       -16389.029       -90832.540        290625.25       -336194.39        17707.931       -584.48526        219579.16       -939143.48        28381.056        555223.37       -333258.16       -88678.830       -9575.6708 
      -128221.41        20959.009        461683.09       -35203.908        844938.84        303584.68        445177.06       -42088.479        1296471.7        117594.50        124567.78       -38851.828        1153509.4        261613.62       -32891.526        11986.528        1450265.3        315293.10       -116216.17        10587.929        1098030.5       -352530.99        462168.77       -9160.4144 
      -268189.46        17953.920        543451.07       -32367.078        558212.29        297591.02        600063.35       -29890.325        898454.69        22152.170        226616.87       -9314.1043        965496.59        306409.15        60320.491        21250.101        1129415.0        307171.54       -117558.86        38656.057        1001951.3       -354923.94        482955.27       -9292.4352 
      -170255.16        38808.906        313346.26       -38480.405        771351.03        374498.79        171767.46       -48386.850        1372170.0        158756.06       -563733.33       -51625.385        1013766.4        310676.92       -337713.27        10064.575        1466213.0        334221.76       -995323.00       -1401.6665        1211941.2       -369973.99       -297767.31       -11197.989 
      -284041.57        34135.988        426248.54       -35039.204        600553.75        365498.89        333911.37       -34185.788        1111374.3        80591.633       -416538.87       -19064.077        943607.19        353003.45       -247606.60        18913.574        1285009.6        343434.02       -919693.17        24785.942        1129571.4       -379656.43       -148320.90       -10942.189 
      -173012.79        71903.181        434908.21       -36851.145        809315.09        409967.76        447400.82       -45475.832        1254001.2        258046.07        124919.88       -42844.841        1118557.0        326220.30       -20633.017        11685.139        1391865.3        427948.63       -110107.32        10165.448        1070375.4       -287247.19        468721.70       -10146.632 
      -308859.44        85377.272        499439.92       -33406.757        518412.04        437465.93        598453.55       -32932.708        836328.36        215640.03        235513.74       -13224.777        923582.33        388836.72        74276.492        20422.527        1057883.1        459506.37       -96908.848        37430.818        968952.88       -267279.55        498158.40       -10445.633 
      -190212.77        51005.853        313130.16       -38104.200        726889.36        389919.85        193229.07       -48106.701        1300287.2        181854.98       -508416.87       -50780.351        975498.96        317052.41       -305764.44        10018.405        1396635.9        347009.04       -928762.49       -434.59443        1158854.3       -346958.50       -250967.65       -11115.001 
      -301539.27        63435.049        410041.03       -34582.245        554722.35        415182.15        356834.77       -34379.268        1027301.1        153512.46       -349740.92       -19091.569        902197.34        377410.59       -202462.73        18723.837        1204413.7        391093.98       -830093.53        25944.797        1078183.4       -338028.51       -99877.335       -11083.685 
