
varname -- postprob -- pmean -- std -- stdR -- unc_pmean -- unc_std -- unc_stdR
FDI         1.0000    1.0109    0.1042    0.1726    1.0109    0.1042    0.1726
EI          0.9508    0.1188    0.0282    0.0704    0.1129    0.0376    0.0733
LLF         0.9870    0.0407    0.0510    0.0799    0.0402    0.0509    0.0796
EX          0.9406   -0.0386    0.0357    0.0829   -0.0363    0.0358    0.0809
SW          1.0000    0.1085    0.0471    0.0620    0.1085    0.0471    0.0620

 1.- FURTHER INFORMATION 
Prior Mean Model Size=
       2.0000000 
Prior Inclusion Probability=
      0.50000000 
Posterior Mean Model Size=
       4.8784059 
minutes=
      0.72236928 
hours=
     0.012039488 
----------------------------------------------------------------------


 2.- ALL BETAS (each row is a different model)

       1.1086123        0.0000000        0.0000000        0.0000000        0.0000000 
       1.0514128        0.0000000        0.0000000        0.0000000       0.12561659 
       1.1095832        0.0000000        0.0000000     -0.034738955        0.0000000 
       1.1080331        0.0000000        0.0000000     -0.048609087       0.11147865 
       1.1258509        0.0000000     -0.010574078        0.0000000        0.0000000 
       1.0218870        0.0000000      0.048796005        0.0000000       0.13400490 
       1.1362152        0.0000000     -0.020812317     -0.040043279        0.0000000 
       1.0559913        0.0000000      0.038837010     -0.038530488       0.12457004 
       1.0426024       0.10991174        0.0000000        0.0000000        0.0000000 
       1.0081888       0.11146595        0.0000000        0.0000000       0.10848626 
       1.0401961       0.10783188        0.0000000     -0.025613161        0.0000000 
       1.0345489       0.11690066        0.0000000     -0.038812849       0.10136511 
       1.0635104       0.11261873    -0.0057595126        0.0000000        0.0000000 
      0.97334269       0.11407974      0.049816863        0.0000000       0.11688144 
       1.0576568       0.10904867     -0.013676069     -0.030506755        0.0000000 
       1.0105772       0.11907289      0.040222258     -0.038574550       0.10719791 

----------------------------------------------------------------------

 3.- ALL STD. ERRORS (each row is a different model)

      0.10085155        0.0000000        0.0000000        0.0000000        0.0000000 
      0.10414113        0.0000000        0.0000000        0.0000000      0.046408326 
     0.096463842        0.0000000        0.0000000      0.040679032        0.0000000 
      0.10258205        0.0000000        0.0000000      0.037496438      0.047557237 
      0.10339118        0.0000000      0.053962461        0.0000000        0.0000000 
      0.10001557        0.0000000      0.049615222        0.0000000      0.047236612 
      0.10923332        0.0000000      0.057422597      0.042705531        0.0000000 
      0.10690082        0.0000000      0.051565394      0.037569886      0.049400532 
      0.10040186      0.028957047        0.0000000        0.0000000        0.0000000 
     0.099206133      0.029735513        0.0000000        0.0000000      0.044328211 
     0.095019557      0.028656317        0.0000000      0.037656970        0.0000000 
     0.041911921      0.025337692        0.0000000      0.033022722      0.041742075 
      0.10692965      0.030419531      0.054256384        0.0000000        0.0000000 
     0.091639907      0.027833346      0.048864149        0.0000000      0.044143876 
     0.050140879      0.025812209      0.056375352      0.034164238        0.0000000 
      0.10436339      0.028243123      0.051094533      0.035637490      0.046982770 

----------------------------------------------------------------------

 4.- ALL ROBUST STD. ERRORS (each row is a different model)

     0.094293696        0.0000000        0.0000000        0.0000000        0.0000000 
     0.074266581        0.0000000        0.0000000        0.0000000      0.054529309 
      0.12202715        0.0000000        0.0000000      0.087338371        0.0000000 
     0.097860615        0.0000000        0.0000000      0.079999724      0.054863269 
      0.12352502        0.0000000      0.079474593        0.0000000        0.0000000 
     0.079351974        0.0000000      0.064269447        0.0000000      0.056633344 
      0.18669359        0.0000000       0.11024959      0.096816615        0.0000000 
      0.10927110        0.0000000      0.074970568      0.077488399      0.059019862 
      0.22305235      0.077317478        0.0000000        0.0000000        0.0000000 
      0.15896972      0.068821727        0.0000000        0.0000000      0.059040264 
      0.20803875      0.074951469        0.0000000      0.088101781        0.0000000 
     0.059094996      0.061225598        0.0000000      0.079684706      0.048866036 
      0.25093376      0.081329766      0.081209474        0.0000000        0.0000000 
      0.12670102      0.065526590      0.066146579        0.0000000      0.057278694 
     0.073438423      0.056347417      0.095947090      0.075214903        0.0000000 
      0.17837613      0.070791137      0.080986191      0.083180203      0.062412498 

----------------------------------------------------------------------

 5.- MODELS INFO 
 model -- postprob -- priorprob -- bics

       1.0000000    3.1808203e-10      0.062500000        136.96011 
       2.0000000    4.2912012e-05      0.062500000        18477101. 
       3.0000000    3.6224631e-09      0.062500000        1559.7641 
       4.0000000    0.00062711817      0.062373520    2.7057278e+08 
       5.0000000    2.1406925e-08      0.062500000        9217.4169 
       6.0000000     0.0034425090      0.062494529    1.4824090e+09 
       7.0000000    2.2051457e-07      0.049717320        119361.57 
       8.0000000      0.045039531      0.049591503    2.4441145e+10 
       9.0000000    4.6366605e-09      0.062500000        1996.4583 
       10.000000    0.00067587178      0.062348910    2.9172283e+08 
       11.000000    6.0699849e-08      0.057931239        28197.445 
       12.000000      0.011643755      0.057743634    5.4265515e+09 
       13.000000    3.2228104e-07      0.056417110        153730.09 
       14.000000      0.055285804      0.056271078    2.6440116e+10 
       15.000000    3.9449434e-06      0.044303896        2396259.4 
       16.000000       0.88323792      0.044110939    5.3884812e+11 
