
varname -- postprob -- pmean -- std -- stdR -- unc_pmean -- unc_std -- unc_stdR
GDP         1.0000    0.9992    0.1107    0.1891    0.9992    0.1107    0.1891
ISH         0.9562    0.1219    0.0316    0.0778    0.1166    0.0397    0.0801
SED         0.9899    0.0023    0.0621    0.1017    0.0023    0.0618    0.1012
PGRW        0.9525   -0.0261    0.0390    0.0890   -0.0248    0.0385    0.0871
POP         1.0000    0.1360    0.0513    0.0699    0.1360    0.0513    0.0699

 1.- FURTHER INFORMATION 
Prior Mean Model Size=
       2.0000000 
Prior Inclusion Probability=
      0.50000000 
Posterior Mean Model Size=
       4.8986223 
minutes=
      0.77519440 
hours=
     0.012919907 
----------------------------------------------------------------------


 2.- ALL BETAS (each row is a different model)

       1.0908650        0.0000000        0.0000000        0.0000000        0.0000000 
       1.0150354        0.0000000        0.0000000        0.0000000       0.15786841 
       1.0811608        0.0000000        0.0000000     -0.018663177        0.0000000 
       1.0430970        0.0000000        0.0000000     -0.026600102       0.15160498 
       1.1328800        0.0000000     -0.054773767        0.0000000        0.0000000 
       1.0109301        0.0000000      0.018826350        0.0000000       0.15879636 
       1.1402791        0.0000000     -0.065532567     -0.030892888        0.0000000 
       1.0342428        0.0000000      0.012864237     -0.026169384       0.15365212 
       1.0301901       0.12099731        0.0000000        0.0000000        0.0000000 
      0.96725324       0.11574960        0.0000000        0.0000000       0.14211716 
       1.0187429       0.11639323        0.0000000    -0.0098136289        0.0000000 
      0.98875553       0.12006056        0.0000000     -0.020017158       0.13871116 
       1.0792943       0.11928684     -0.060055590        0.0000000        0.0000000 
      0.96522030       0.11689014      0.010067721        0.0000000       0.14185622 
       1.0852880       0.11688283     -0.072296681     -0.024667978        0.0000000 
      0.99934246       0.12218095     0.0014164300     -0.026124872       0.13483153 

----------------------------------------------------------------------

 3.- ALL STD. ERRORS (each row is a different model)

     0.097884088        0.0000000        0.0000000        0.0000000        0.0000000 
     0.096282067        0.0000000        0.0000000        0.0000000      0.049404993 
     0.092149562        0.0000000        0.0000000      0.043391705        0.0000000 
      0.10439467        0.0000000        0.0000000      0.041167182      0.051319325 
      0.10733830        0.0000000      0.062972754        0.0000000        0.0000000 
      0.10151245        0.0000000      0.057415754        0.0000000      0.051082717 
      0.11405114        0.0000000      0.068329919      0.046433406        0.0000000 
      0.11183306        0.0000000      0.060779805      0.041375885      0.053738653 
     0.097671848      0.031439356        0.0000000        0.0000000        0.0000000 
     0.085152028      0.029803777        0.0000000        0.0000000      0.046055587 
     0.088941259      0.030365341        0.0000000      0.040370823        0.0000000 
     0.094136701      0.031356997        0.0000000      0.038157984      0.048067617 
      0.11140507      0.032973729      0.063257334        0.0000000        0.0000000 
     0.091567852      0.029732781      0.056745823        0.0000000      0.047494337 
     0.057805816      0.028443170      0.067825164      0.038488869        0.0000000 
      0.11123218      0.031668048      0.062350560      0.038928758      0.051197720 

----------------------------------------------------------------------

 4.- ALL ROBUST STD. ERRORS (each row is a different model)

     0.090688287        0.0000000        0.0000000        0.0000000        0.0000000 
     0.073732562        0.0000000        0.0000000        0.0000000      0.062072023 
      0.10921825        0.0000000        0.0000000      0.089291820        0.0000000 
      0.10852976        0.0000000        0.0000000      0.089040386      0.066711884 
      0.14311077        0.0000000       0.11637709        0.0000000        0.0000000 
     0.088344072        0.0000000      0.078080212        0.0000000      0.063170732 
      0.22319400        0.0000000       0.16131934       0.10535669        0.0000000 
      0.12829925        0.0000000      0.094973208      0.086479867      0.068956672 
      0.21921923      0.087564730        0.0000000        0.0000000        0.0000000 
      0.12023405      0.065879314        0.0000000        0.0000000      0.062867584 
      0.18151442      0.079358002        0.0000000      0.089158127        0.0000000 
      0.14825592      0.076452075        0.0000000      0.086492885      0.064516159 
      0.27504688      0.085845041       0.12591939        0.0000000        0.0000000 
      0.12632954      0.066634230      0.078058998        0.0000000      0.062983593 
      0.10199884      0.062194944       0.15312294      0.087655282        0.0000000 
      0.19420301      0.078359724       0.10306393      0.089184212      0.070227112 

----------------------------------------------------------------------

 5.- MODELS INFO 
 model -- postprob -- priorprob -- bics

       1.0000000    2.2786958e-10      0.062500000        95.476559 
       2.0000000    3.1159310e-05      0.062500000        13055642. 
       3.0000000    2.5849283e-09      0.062500000        1083.0759 
       4.0000000    0.00045318225      0.062500000    1.8988178e+08 
       5.0000000    1.5414013e-08      0.062500000        6458.4176 
       6.0000000     0.0024858736      0.062500000    1.0415723e+09 
       7.0000000    1.9895609e-07      0.062500000        83361.906 
       8.0000000      0.040810939      0.062500000    1.7099641e+10 
       9.0000000    3.3300048e-09      0.062500000        1395.2604 
       10.000000    0.00049382169      0.062500000    2.0690956e+08 
       11.000000    4.6895627e-08      0.062500000        19649.104 
       12.000000     0.0091281552      0.062500000    3.8246651e+09 
       13.000000    2.5809327e-07      0.062500000        108140.18 
       14.000000      0.044474307      0.062500000    1.8634580e+10 
       15.000000    4.0135619e-06      0.062500000        1681668.4 
       16.000000       0.90211802      0.062500000    3.7798430e+11 
